<?xml version="1.0" encoding="UTF-8"?>
<!-- Generated by org.testng.reporters.JUnitXMLReporter -->
<testsuite ignored="0" hostname="LAPTOP-GOGQ83M7" failures="0" tests="4" name="Default test" time="4.801" errors="0" timestamp="2023-12-20T17:52:46 IST">
  <testcase classname="url_endpoints.REQRES_URL" name="baseurl" time="2.346"/>
  <testcase classname="url_endpoints.REQRES_URL" name="RegsiterUrl" time="1.075"/>
  <testcase classname="url_endpoints.REQRES_URL" name="GetUser" time="0.992"/>
  <testcase classname="url_endpoints.REQRES_URL" name="Loggingtest" time="0.334"/>
</testsuite> <!-- Default test -->
