<?xml version="1.0" encoding="UTF-8"?>
<testng-results ignored="0" total="4" passed="4" failed="0" skipped="0">
  <reporter-output>
  </reporter-output>
  <suite started-at="2023-12-20T17:52:41 IST" name="Default suite" finished-at="2023-12-20T17:52:46 IST" duration-ms="4801">
    <groups>
    </groups>
    <test started-at="2023-12-20T17:52:41 IST" name="Default test" finished-at="2023-12-20T17:52:46 IST" duration-ms="4801">
      <class name="url_endpoints.REQRES_URL">
        <test-method signature="baseurl()[pri:49, instance:url_endpoints.REQRES_URL@5e0826e7]" started-at="2023-12-20T17:52:41 IST" name="baseurl" finished-at="2023-12-20T17:52:44 IST" duration-ms="2346" status="PASS">
          <reporter-output>
          </reporter-output>
        </test-method> <!-- baseurl -->
        <test-method signature="RegsiterUrl()[pri:50, instance:url_endpoints.REQRES_URL@5e0826e7]" started-at="2023-12-20T17:52:44 IST" name="RegsiterUrl" finished-at="2023-12-20T17:52:45 IST" duration-ms="1075" status="PASS">
          <reporter-output>
          </reporter-output>
        </test-method> <!-- RegsiterUrl -->
        <test-method signature="GetUser()[pri:51, instance:url_endpoints.REQRES_URL@5e0826e7]" started-at="2023-12-20T17:52:45 IST" name="GetUser" finished-at="2023-12-20T17:52:46 IST" duration-ms="992" status="PASS">
          <reporter-output>
          </reporter-output>
        </test-method> <!-- GetUser -->
        <test-method signature="Loggingtest()[pri:52, instance:url_endpoints.REQRES_URL@5e0826e7]" started-at="2023-12-20T17:52:46 IST" name="Loggingtest" finished-at="2023-12-20T17:52:46 IST" duration-ms="334" status="PASS">
          <reporter-output>
          </reporter-output>
        </test-method> <!-- Loggingtest -->
      </class> <!-- url_endpoints.REQRES_URL -->
    </test> <!-- Default test -->
  </suite> <!-- Default suite -->
</testng-results>
